{"error":{"__isAuthError":true,"code":"invalid_credentials","name":"AuthApiError","status":400},"level":"warn","message":"Supabase login failed","timestamp":"2025-11-20T23:25:02.810Z"}
{"level":"info","message":"✅ Current user fetched","timestamp":"2025-11-20T23:25:20.276Z","userId":"24147fc8-e236-457e-bbc2-7128fb3db8c4"}
{"level":"info","message":"✅ Current user fetched","timestamp":"2025-11-20T23:25:24.079Z","userId":"24147fc8-e236-457e-bbc2-7128fb3db8c4"}
{"level":"info","message":"✅ Current user fetched","timestamp":"2025-11-20T23:25:29.020Z","userId":"24147fc8-e236-457e-bbc2-7128fb3db8c4"}
{"level":"info","message":"✅ Current user fetched","timestamp":"2025-11-20T23:25:31.480Z","userId":"24147fc8-e236-457e-bbc2-7128fb3db8c4"}
{"ip":"::ffff:192.168.0.106","level":"error","message":"[401] User not authenticated","method":"GET","path":"/api/v1/daily/info","stack":"ApiError: User not authenticated\n    at <anonymous> (C:\\Users\\HP\\storra-backend\\src\\controllers\\daily.controller.ts:111:11)\n    at <anonymous> (C:\\Users\\HP\\storra-backend\\src\\utils\\AsyncHandler.ts:7:21)\n    at Layer.handleRequest (C:\\Users\\HP\\storra-backend\\node_modules\\router\\lib\\layer.js:152:17)\n    at next (C:\\Users\\HP\\storra-backend\\node_modules\\router\\lib\\route.js:157:13)\n    at Route.dispatch (C:\\Users\\HP\\storra-backend\\node_modules\\router\\lib\\route.js:117:3)\n    at handle (C:\\Users\\HP\\storra-backend\\node_modules\\router\\index.js:435:11)\n    at Layer.handleRequest (C:\\Users\\HP\\storra-backend\\node_modules\\router\\lib\\layer.js:152:17)\n    at C:\\Users\\HP\\storra-backend\\node_modules\\router\\index.js:295:15\n    at processParams (C:\\Users\\HP\\storra-backend\\node_modules\\router\\index.js:582:12)\n    at next (C:\\Users\\HP\\storra-backend\\node_modules\\router\\index.js:291:5)","timestamp":"2025-11-20T23:25:34.747Z","userAgent":"okhttp/4.12.0"}
{"ip":"::ffff:192.168.0.106","level":"error","message":"[401] User not authenticated","method":"POST","path":"/api/v1/daily/claim","stack":"ApiError: User not authenticated\n    at <anonymous> (C:\\Users\\HP\\storra-backend\\src\\controllers\\daily.controller.ts:15:11)\n    at <anonymous> (C:\\Users\\HP\\storra-backend\\src\\utils\\AsyncHandler.ts:7:21)\n    at Layer.handleRequest (C:\\Users\\HP\\storra-backend\\node_modules\\router\\lib\\layer.js:152:17)\n    at next (C:\\Users\\HP\\storra-backend\\node_modules\\router\\lib\\route.js:157:13)\n    at Route.dispatch (C:\\Users\\HP\\storra-backend\\node_modules\\router\\lib\\route.js:117:3)\n    at handle (C:\\Users\\HP\\storra-backend\\node_modules\\router\\index.js:435:11)\n    at Layer.handleRequest (C:\\Users\\HP\\storra-backend\\node_modules\\router\\lib\\layer.js:152:17)\n    at C:\\Users\\HP\\storra-backend\\node_modules\\router\\index.js:295:15\n    at processParams (C:\\Users\\HP\\storra-backend\\node_modules\\router\\index.js:582:12)\n    at next (C:\\Users\\HP\\storra-backend\\node_modules\\router\\index.js:291:5)","timestamp":"2025-11-20T23:25:39.061Z","userAgent":"okhttp/4.12.0"}
{"ip":"::ffff:192.168.0.106","level":"error","message":"[401] User not authenticated","method":"POST","path":"/api/v1/daily/claim","stack":"ApiError: User not authenticated\n    at <anonymous> (C:\\Users\\HP\\storra-backend\\src\\controllers\\daily.controller.ts:15:11)\n    at <anonymous> (C:\\Users\\HP\\storra-backend\\src\\utils\\AsyncHandler.ts:7:21)\n    at Layer.handleRequest (C:\\Users\\HP\\storra-backend\\node_modules\\router\\lib\\layer.js:152:17)\n    at next (C:\\Users\\HP\\storra-backend\\node_modules\\router\\lib\\route.js:157:13)\n    at Route.dispatch (C:\\Users\\HP\\storra-backend\\node_modules\\router\\lib\\route.js:117:3)\n    at handle (C:\\Users\\HP\\storra-backend\\node_modules\\router\\index.js:435:11)\n    at Layer.handleRequest (C:\\Users\\HP\\storra-backend\\node_modules\\router\\lib\\layer.js:152:17)\n    at C:\\Users\\HP\\storra-backend\\node_modules\\router\\index.js:295:15\n    at processParams (C:\\Users\\HP\\storra-backend\\node_modules\\router\\index.js:582:12)\n    at next (C:\\Users\\HP\\storra-backend\\node_modules\\router\\index.js:291:5)","timestamp":"2025-11-20T23:25:41.546Z","userAgent":"okhttp/4.12.0"}
{"ip":"::ffff:192.168.0.106","level":"error","message":"[401] User not authenticated","method":"POST","path":"/api/v1/daily/claim","stack":"ApiError: User not authenticated\n    at <anonymous> (C:\\Users\\HP\\storra-backend\\src\\controllers\\daily.controller.ts:15:11)\n    at <anonymous> (C:\\Users\\HP\\storra-backend\\src\\utils\\AsyncHandler.ts:7:21)\n    at Layer.handleRequest (C:\\Users\\HP\\storra-backend\\node_modules\\router\\lib\\layer.js:152:17)\n    at next (C:\\Users\\HP\\storra-backend\\node_modules\\router\\lib\\route.js:157:13)\n    at Route.dispatch (C:\\Users\\HP\\storra-backend\\node_modules\\router\\lib\\route.js:117:3)\n    at handle (C:\\Users\\HP\\storra-backend\\node_modules\\router\\index.js:435:11)\n    at Layer.handleRequest (C:\\Users\\HP\\storra-backend\\node_modules\\router\\lib\\layer.js:152:17)\n    at C:\\Users\\HP\\storra-backend\\node_modules\\router\\index.js:295:15\n    at processParams (C:\\Users\\HP\\storra-backend\\node_modules\\router\\index.js:582:12)\n    at next (C:\\Users\\HP\\storra-backend\\node_modules\\router\\index.js:291:5)","timestamp":"2025-11-20T23:25:44.231Z","userAgent":"okhttp/4.12.0"}
{"ip":"::ffff:192.168.0.106","level":"error","message":"[401] User not authenticated","method":"POST","path":"/api/v1/daily/claim","stack":"ApiError: User not authenticated\n    at <anonymous> (C:\\Users\\HP\\storra-backend\\src\\controllers\\daily.controller.ts:15:11)\n    at <anonymous> (C:\\Users\\HP\\storra-backend\\src\\utils\\AsyncHandler.ts:7:21)\n    at Layer.handleRequest (C:\\Users\\HP\\storra-backend\\node_modules\\router\\lib\\layer.js:152:17)\n    at next (C:\\Users\\HP\\storra-backend\\node_modules\\router\\lib\\route.js:157:13)\n    at Route.dispatch (C:\\Users\\HP\\storra-backend\\node_modules\\router\\lib\\route.js:117:3)\n    at handle (C:\\Users\\HP\\storra-backend\\node_modules\\router\\index.js:435:11)\n    at Layer.handleRequest (C:\\Users\\HP\\storra-backend\\node_modules\\router\\lib\\layer.js:152:17)\n    at C:\\Users\\HP\\storra-backend\\node_modules\\router\\index.js:295:15\n    at processParams (C:\\Users\\HP\\storra-backend\\node_modules\\router\\index.js:582:12)\n    at next (C:\\Users\\HP\\storra-backend\\node_modules\\router\\index.js:291:5)","timestamp":"2025-11-20T23:26:00.799Z","userAgent":"okhttp/4.12.0"}
{"level":"info","message":"✅ Current user fetched","timestamp":"2025-11-20T23:27:49.041Z","userId":"24147fc8-e236-457e-bbc2-7128fb3db8c4"}
{"level":"info","message":"✅ Current user fetched","timestamp":"2025-11-20T23:28:07.424Z","userId":"24147fc8-e236-457e-bbc2-7128fb3db8c4"}
{"ip":"::ffff:192.168.0.106","level":"error","message":"[400] You already claimed today's reward","method":"POST","path":"/api/v1/daily/claim","stack":"ApiError: You already claimed today's reward\n    at <anonymous> (C:\\Users\\HP\\storra-backend\\src\\controllers\\daily.controller.ts:49:11)\n    at process.processTicksAndRejections (node:internal/process/task_queues:105:5)","timestamp":"2025-11-20T23:28:19.582Z","userAgent":"okhttp/4.12.0"}
{"level":"info","message":"✅ Current user  fetched","timestamp":"2025-11-22T19:33:49.533Z","userId":"24147fc8-e236-457e-bbc2-7128fb3db8c4"}
{"level":"info","message":"✅ Current user  fetched","timestamp":"2025-11-22T19:33:52.259Z","userId":"24147fc8-e236-457e-bbc2-7128fb3db8c4"}
{"level":"info","message":"✅ Current user  fetched","timestamp":"2025-11-22T19:33:56.735Z","userId":"24147fc8-e236-457e-bbc2-7128fb3db8c4"}
{"level":"info","message":"✅ Current user  fetched","timestamp":"2025-11-22T19:34:37.773Z","userId":"24147fc8-e236-457e-bbc2-7128fb3db8c4"}
{"level":"info","message":"✅ Current user  fetched","timestamp":"2025-11-22T19:34:41.611Z","userId":"24147fc8-e236-457e-bbc2-7128fb3db8c4"}
{"level":"info","message":"✅ Current user  fetched","timestamp":"2025-11-22T19:34:44.530Z","userId":"24147fc8-e236-457e-bbc2-7128fb3db8c4"}
{"level":"info","message":"✅ Current user  fetched","timestamp":"2025-11-22T19:34:47.208Z","userId":"24147fc8-e236-457e-bbc2-7128fb3db8c4"}
{"level":"info","message":"✅ Current user  fetched","timestamp":"2025-11-22T19:34:50.992Z","userId":"24147fc8-e236-457e-bbc2-7128fb3db8c4"}
{"level":"info","message":"✅ Current user  fetched","timestamp":"2025-11-22T19:35:06.801Z","userId":"24147fc8-e236-457e-bbc2-7128fb3db8c4"}
{"level":"info","message":"✅ Current user  fetched","timestamp":"2025-11-22T19:38:47.365Z","userId":"24147fc8-e236-457e-bbc2-7128fb3db8c4"}
{"level":"info","message":"✅ Current user  fetched","timestamp":"2025-11-22T19:45:03.012Z","userId":"24147fc8-e236-457e-bbc2-7128fb3db8c4"}
{"level":"info","message":"✅ Current user  fetched","timestamp":"2025-11-22T19:45:08.226Z","userId":"24147fc8-e236-457e-bbc2-7128fb3db8c4"}
{"level":"info","message":"✅ Current user  fetched","timestamp":"2025-11-22T19:45:15.840Z","userId":"24147fc8-e236-457e-bbc2-7128fb3db8c4"}
{"level":"info","message":"✅ Current user  fetched","timestamp":"2025-11-22T19:46:44.677Z","userId":"24147fc8-e236-457e-bbc2-7128fb3db8c4"}
{"level":"info","message":"✅ Current user  fetched","timestamp":"2025-11-22T19:49:03.531Z","userId":"24147fc8-e236-457e-bbc2-7128fb3db8c4"}
{"level":"info","message":"✅ Current user  fetched","timestamp":"2025-11-22T19:49:06.898Z","userId":"24147fc8-e236-457e-bbc2-7128fb3db8c4"}
{"level":"info","message":"✅ Current user  fetched","timestamp":"2025-11-22T19:49:11.739Z","userId":"24147fc8-e236-457e-bbc2-7128fb3db8c4"}
{"level":"info","message":"✅ Current user  fetched","timestamp":"2025-11-22T19:49:25.072Z","userId":"24147fc8-e236-457e-bbc2-7128fb3db8c4"}
{"level":"info","message":"✅ Current user  fetched","timestamp":"2025-11-22T19:59:44.318Z","userId":"24147fc8-e236-457e-bbc2-7128fb3db8c4"}
{"level":"info","message":"✅ Current user  fetched","timestamp":"2025-11-22T19:59:48.820Z","userId":"24147fc8-e236-457e-bbc2-7128fb3db8c4"}
{"level":"info","message":"✅ Current user  fetched","timestamp":"2025-11-22T19:59:53.383Z","userId":"24147fc8-e236-457e-bbc2-7128fb3db8c4"}
{"level":"info","message":"✅ Current user  fetched","timestamp":"2025-11-22T20:00:03.432Z","userId":"24147fc8-e236-457e-bbc2-7128fb3db8c4"}
{"level":"info","message":"✅ Current user  fetched","timestamp":"2025-11-22T20:01:27.909Z","userId":"24147fc8-e236-457e-bbc2-7128fb3db8c4"}
{"level":"info","message":"✅ Current user  fetched","timestamp":"2025-11-22T20:02:28.566Z","userId":"24147fc8-e236-457e-bbc2-7128fb3db8c4"}
{"level":"info","message":"✅ Current user  fetched","timestamp":"2025-11-22T20:02:57.050Z","userId":"24147fc8-e236-457e-bbc2-7128fb3db8c4"}
{"error":"profile.courses is not iterable","level":"error","message":"Get current user error","timestamp":"2025-11-22T20:14:30.590Z"}
{"ip":"::ffff:192.168.0.106","level":"error","message":"[500] profile.courses is not iterable","method":"GET","path":"/api/v1/student/me","stack":"ApiError: profile.courses is not iterable\n    at errorHandler (C:\\Users\\HP\\storra-backend\\src\\middlewares\\ErrorHandler.ts:17:13)\n    at Layer.handleError (C:\\Users\\HP\\storra-backend\\node_modules\\router\\lib\\layer.js:116:17)\n    at trimPrefix (C:\\Users\\HP\\storra-backend\\node_modules\\router\\index.js:340:13)\n    at C:\\Users\\HP\\storra-backend\\node_modules\\router\\index.js:297:9\n    at processParams (C:\\Users\\HP\\storra-backend\\node_modules\\router\\index.js:582:12)\n    at next (C:\\Users\\HP\\storra-backend\\node_modules\\router\\index.js:291:5)\n    at C:\\Users\\HP\\storra-backend\\node_modules\\router\\index.js:688:15\n    at next (C:\\Users\\HP\\storra-backend\\node_modules\\router\\index.js:276:14)\n    at next (C:\\Users\\HP\\storra-backend\\node_modules\\router\\lib\\route.js:132:14)\n    at getCurrentUser (C:\\Users\\HP\\storra-backend\\src\\controllers\\user.controller.ts:273:5)","timestamp":"2025-11-22T20:14:30.641Z","userAgent":"okhttp/4.12.0"}
{"level":"info","message":"✅ Current user fetched","timestamp":"2025-11-22T20:17:59.563Z","userId":"691992ef757446fa524ca7b7"}
{"error":"coursesProgress is not defined","level":"error","message":"Get current user error","timestamp":"2025-11-22T20:17:59.578Z"}
{"ip":"::ffff:192.168.0.106","level":"error","message":"[500] coursesProgress is not defined","method":"GET","path":"/api/v1/student/me","stack":"ApiError: coursesProgress is not defined\n    at errorHandler (C:\\Users\\HP\\storra-backend\\src\\middlewares\\ErrorHandler.ts:17:13)\n    at Layer.handleError (C:\\Users\\HP\\storra-backend\\node_modules\\router\\lib\\layer.js:116:17)\n    at trimPrefix (C:\\Users\\HP\\storra-backend\\node_modules\\router\\index.js:340:13)\n    at C:\\Users\\HP\\storra-backend\\node_modules\\router\\index.js:297:9\n    at processParams (C:\\Users\\HP\\storra-backend\\node_modules\\router\\index.js:582:12)\n    at next (C:\\Users\\HP\\storra-backend\\node_modules\\router\\index.js:291:5)\n    at C:\\Users\\HP\\storra-backend\\node_modules\\router\\index.js:688:15\n    at next (C:\\Users\\HP\\storra-backend\\node_modules\\router\\index.js:276:14)\n    at next (C:\\Users\\HP\\storra-backend\\node_modules\\router\\lib\\route.js:132:14)\n    at getCurrentUser (C:\\Users\\HP\\storra-backend\\src\\controllers\\user.controller.ts:238:5)","timestamp":"2025-11-22T20:17:59.620Z","userAgent":"okhttp/4.12.0"}
{"level":"info","message":"✅ Current user fetched","timestamp":"2025-11-22T20:21:58.717Z","userId":"691992ef757446fa524ca7b7"}
{"level":"info","message":"✅ Current user fetched","timestamp":"2025-11-22T20:22:03.076Z","userId":"691992ef757446fa524ca7b7"}
{"level":"info","message":"✅ Current user fetched","timestamp":"2025-11-22T20:22:09.401Z","userId":"691992ef757446fa524ca7b7"}
{"level":"info","message":"✅ Current user fetched","timestamp":"2025-11-22T20:22:18.913Z","userId":"691992ef757446fa524ca7b7"}
{"level":"info","message":"✅ Current user fetched","timestamp":"2025-11-22T20:30:01.946Z","userId":"691992ef757446fa524ca7b7"}
{"level":"info","message":"✅ Current user fetched","timestamp":"2025-11-22T20:30:04.370Z","userId":"691992ef757446fa524ca7b7"}
{"level":"info","message":"✅ Current user fetched","timestamp":"2025-11-22T20:30:08.937Z","userId":"691992ef757446fa524ca7b7"}
{"level":"info","message":"✅ Current user fetched","timestamp":"2025-11-22T20:30:14.458Z","userId":"691992ef757446fa524ca7b7"}
{"level":"info","message":"✅ Current user fetched","timestamp":"2025-11-22T20:34:41.677Z","userId":"691992ef757446fa524ca7b7"}
{"level":"info","message":"✅ Current user fetched","timestamp":"2025-11-22T20:34:44.518Z","userId":"691992ef757446fa524ca7b7"}
{"level":"info","message":"✅ Current user fetched","timestamp":"2025-11-22T20:34:49.572Z","userId":"691992ef757446fa524ca7b7"}
{"level":"info","message":"✅ Current user fetched","timestamp":"2025-11-22T20:34:55.320Z","userId":"691992ef757446fa524ca7b7"}
